#
# There is insufficient memory for the Java Runtime Environment to continue.
# Native memory allocation (mmap) failed to map 123731968 bytes. Error detail: G1 virtual space
# Possible reasons:
#   The system is out of physical RAM or swap space
#   This process is running with CompressedOops enabled, and the Java Heap may be blocking the growth of the native heap
# Possible solutions:
#   Reduce memory load on the system
#   Increase physical memory or swap space
#   Check if swap backing store is full
#   Decrease Java heap size (-Xmx/-Xms)
#   Decrease number of Java threads
#   Decrease Java thread stack sizes (-Xss)
#   Set larger code cache with -XX:ReservedCodeCacheSize=
#   JVM is running with Unscaled Compressed Oops mode in which the Java heap is
#     placed in the first 4GB address space. The Java Heap base address is the
#     maximum limit for the native heap growth. Please use -XX:HeapBaseMinAddress
#     to set the Java Heap base and to place the Java Heap above 4GB virtual address.
# This output file may be truncated or incomplete.
#
#  Out of Memory Error (os_windows.cpp:3679), pid=12176, tid=13132
#
# JRE version:  (17.0.13+11) (build )
# Java VM: OpenJDK 64-Bit Server VM (17.0.13+11-LTS, mixed mode, sharing, tiered, compressed oops, compressed class ptrs, g1 gc, windows-amd64)
# No core dump will be written. Minidumps are not enabled by default on client versions of Windows
#

---------------  S U M M A R Y ------------

Command Line: com.google.prefab.cli.AppKt --build-system cmake --platform android --abi arm64-v8a --os-version 24 --stl c++_shared --ndk-version 27 --output C:\\Users\\acer\\AppData\\Local\\Temp\\agp-prefab-staging10663729915027452135\\staged-cli-output C:\\Users\\acer\\.gradle\\caches\\8.10.2\\transforms\\ffe8bc820e361c19e57c6796da86db29\\transformed\\react-android-0.77.0-debug\\prefab D:\\Android Studio\\aPP\\firstAppReactNative\\Ecom\\android\\app\\build\\intermediates\\cxx\\refs\\react-native-reanimated\\121n5c1s C:\\Users\\acer\\.gradle\\caches\\8.10.2\\transforms\\55a7b16d59e8548044242e4097837c5e\\transformed\\hermes-android-0.77.0-debug\\prefab C:\\Users\\acer\\.gradle\\caches\\8.10.2\\transforms\\d7d422c0963f92aa7b8a765f3bd54231\\transformed\\fbjni-0.7.0\\prefab

Host: AMD Ryzen 5 5500U with Radeon Graphics         , 12 cores, 7G,  Windows 10 , 64 bit Build 19041 (10.0.19041.5198)
Time: Sun Jan 26 02:01:54 2025 India Standard Time elapsed time: 0.009499 seconds (0d 0h 0m 0s)

---------------  T H R E A D  ---------------

Current thread (0x0000029e88ce8b50):  JavaThread "Unknown thread" [_thread_in_vm, id=13132, stack(0x000000cc54b00000,0x000000cc54c00000)]

Stack: [0x000000cc54b00000,0x000000cc54c00000]
Native frames: (J=compiled Java code, j=interpreted, Vv=VM code, C=native code)
V  [jvm.dll+0x687fc9]
V  [jvm.dll+0x83eeb8]
V  [jvm.dll+0x840963]
V  [jvm.dll+0x840fd3]
V  [jvm.dll+0x24951f]
V  [jvm.dll+0x684f89]
V  [jvm.dll+0x6794aa]
V  [jvm.dll+0x30ad27]
V  [jvm.dll+0x312296]
V  [jvm.dll+0x362bde]
V  [jvm.dll+0x362e1d]
V  [jvm.dll+0x2e1fbc]
V  [jvm.dll+0x2e2ed4]
V  [jvm.dll+0x810dbb]
V  [jvm.dll+0x3708f1]
V  [jvm.dll+0x7ef8af]
V  [jvm.dll+0x3f70ef]
V  [jvm.dll+0x3f8c21]
C  [jli.dll+0x52a0]
C  [ucrtbase.dll+0x21bb2]
C  [KERNEL32.DLL+0x17374]
C  [ntdll.dll+0x4cc91]


---------------  P R O C E S S  ---------------

Threads class SMR info:
_java_thread_list=0x00007ff8dc67df98, length=0, elements={
}

Java Threads: ( => current thread )

Other Threads:
  0x0000029e88d3d740 GCTaskThread "GC Thread#0" [stack: 0x000000cc54c00000,0x000000cc54d00000] [id=3112]
  0x0000029e88d4dfb0 ConcurrentGCThread "G1 Main Marker" [stack: 0x000000cc54d00000,0x000000cc54e00000] [id=17412]
  0x0000029e88d4e7e0 ConcurrentGCThread "G1 Conc#0" [stack: 0x000000cc54e00000,0x000000cc54f00000] [id=8276]

[error occurred during error reporting (printing all threads), id 0xc0000005, EXCEPTION_ACCESS_VIOLATION (0xc0000005) at pc=0x00007ff8dbe32b17]

VM state: not at safepoint (not fully initialized)

VM Mutex/Monitor currently owned by a thread:  ([mutex/lock_event])
[0x0000029e88ce4710] Heap_lock - owner thread: 0x0000029e88ce8b50

Heap address: 0x000000008a800000, size: 1880 MB, Compressed Oops mode: 32-bit

CDS archive(s) mapped at: [0x0000000000000000-0x0000000000000000-0x0000000000000000), size 0, SharedBaseAddress: 0x0000000800000000, ArchiveRelocationMode: 1.
Narrow klass base: 0x0000000000000000, Narrow klass shift: 0, Narrow klass range: 0x0

GC Precious Log:
<Empty>

Heap:
 garbage-first heap   total 0K, used 0K [0x000000008a800000, 0x0000000100000000)
  region size 1024K, 0 young (0K), 0 survivors (0K)

[error occurred during error reporting (printing heap information), id 0xc0000005, EXCEPTION_ACCESS_VIOLATION (0xc0000005) at pc=0x00007ff8dc221ba9]

GC Heap History (0 events):
No events

Dll operation events (1 events):
Event: 0.006 Loaded shared library C:\Program Files\Microsoft\jdk-17.0.13.11-hotspot\bin\java.dll

Deoptimization events (0 events):
No events

Classes loaded (0 events):
No events

Classes unloaded (0 events):
No events

Classes redefined (0 events):
No events

Internal exceptions (0 events):
No events

VM Operations (0 events):
No events

Memory protections (0 events):
No events

Nmethod flushes (0 events):
No events

Events (0 events):
No events


Dynamic libraries:
0x00007ff665ff0000 - 0x00007ff665ffe000 	C:\Program Files\Microsoft\jdk-17.0.13.11-hotspot\bin\java.exe
0x00007ff987090000 - 0x00007ff987288000 	C:\Windows\SYSTEM32\ntdll.dll
0x00007ff985b50000 - 0x00007ff985c12000 	C:\Windows\System32\KERNEL32.DLL
0x00007ff984bb0000 - 0x00007ff984eaf000 	C:\Windows\System32\KERNELBASE.dll
0x00007ff9849d0000 - 0x00007ff984ad0000 	C:\Windows\System32\ucrtbase.dll
0x00007ff96cd00000 - 0x00007ff96cd1d000 	C:\Program Files\Microsoft\jdk-17.0.13.11-hotspot\bin\VCRUNTIME140.dll
0x00007ff962e10000 - 0x00007ff962e27000 	C:\Program Files\Microsoft\jdk-17.0.13.11-hotspot\bin\jli.dll
0x00007ff9866c0000 - 0x00007ff98685d000 	C:\Windows\System32\USER32.dll
0x00007ff984b80000 - 0x00007ff984ba2000 	C:\Windows\System32\win32u.dll
0x00007ff973830000 - 0x00007ff973aca000 	C:\Windows\WinSxS\amd64_microsoft.windows.common-controls_6595b64144ccf1df_6.0.19041.4355_none_60b8b9eb71f62e16\COMCTL32.dll
0x00007ff9853b0000 - 0x00007ff9853db000 	C:\Windows\System32\GDI32.dll
0x00007ff986330000 - 0x00007ff9863ce000 	C:\Windows\System32\msvcrt.dll
0x00007ff984f80000 - 0x00007ff985097000 	C:\Windows\System32\gdi32full.dll
0x00007ff984eb0000 - 0x00007ff984f4d000 	C:\Windows\System32\msvcp_win.dll
0x00007ff986c70000 - 0x00007ff986c9f000 	C:\Windows\System32\IMM32.DLL
0x00007ff96f780000 - 0x00007ff96f78c000 	C:\Program Files\Microsoft\jdk-17.0.13.11-hotspot\bin\vcruntime140_1.dll
0x00007ff94f6f0000 - 0x00007ff94f77d000 	C:\Program Files\Microsoft\jdk-17.0.13.11-hotspot\bin\msvcp140.dll
0x00007ff8dbb40000 - 0x00007ff8dc7b1000 	C:\Program Files\Microsoft\jdk-17.0.13.11-hotspot\bin\server\jvm.dll
0x00007ff986ca0000 - 0x00007ff986d51000 	C:\Windows\System32\ADVAPI32.dll
0x00007ff986ea0000 - 0x00007ff986f3f000 	C:\Windows\System32\sechost.dll
0x00007ff986d70000 - 0x00007ff986e93000 	C:\Windows\System32\RPCRT4.dll
0x00007ff984f50000 - 0x00007ff984f77000 	C:\Windows\System32\bcrypt.dll
0x00007ff9861c0000 - 0x00007ff98622b000 	C:\Windows\System32\WS2_32.dll
0x00007ff983cb0000 - 0x00007ff983cfb000 	C:\Windows\SYSTEM32\POWRPROF.dll
0x00007ff978590000 - 0x00007ff9785b7000 	C:\Windows\SYSTEM32\WINMM.dll
0x00007ff982680000 - 0x00007ff98268a000 	C:\Windows\SYSTEM32\VERSION.dll
0x00007ff983b20000 - 0x00007ff983b32000 	C:\Windows\SYSTEM32\UMPDC.dll
0x00007ff982f40000 - 0x00007ff982f52000 	C:\Windows\SYSTEM32\kernel.appcore.dll
0x00007ff96f330000 - 0x00007ff96f33a000 	C:\Program Files\Microsoft\jdk-17.0.13.11-hotspot\bin\jimage.dll
0x00007ff981a70000 - 0x00007ff981c54000 	C:\Windows\SYSTEM32\DBGHELP.DLL
0x00007ff96e7b0000 - 0x00007ff96e7e4000 	C:\Windows\SYSTEM32\dbgcore.DLL
0x00007ff984770000 - 0x00007ff9847f2000 	C:\Windows\System32\bcryptPrimitives.dll
0x00007ff95e3c0000 - 0x00007ff95e3e5000 	C:\Program Files\Microsoft\jdk-17.0.13.11-hotspot\bin\java.dll

dbghelp: loaded successfully - version: 4.0.5 - missing functions: none
symbol engine: initialized successfully - sym options: 0x614 - pdb path: .;C:\Program Files\Microsoft\jdk-17.0.13.11-hotspot\bin;C:\Windows\SYSTEM32;C:\Windows\WinSxS\amd64_microsoft.windows.common-controls_6595b64144ccf1df_6.0.19041.4355_none_60b8b9eb71f62e16;C:\Program Files\Microsoft\jdk-17.0.13.11-hotspot\bin\server

VM Arguments:
java_command: com.google.prefab.cli.AppKt --build-system cmake --platform android --abi arm64-v8a --os-version 24 --stl c++_shared --ndk-version 27 --output C:\\Users\\acer\\AppData\\Local\\Temp\\agp-prefab-staging10663729915027452135\\staged-cli-output C:\\Users\\acer\\.gradle\\caches\\8.10.2\\transforms\\ffe8bc820e361c19e57c6796da86db29\\transformed\\react-android-0.77.0-debug\\prefab D:\\Android Studio\\aPP\\firstAppReactNative\\Ecom\\android\\app\\build\\intermediates\\cxx\\refs\\react-native-reanimated\\121n5c1s C:\\Users\\acer\\.gradle\\caches\\8.10.2\\transforms\\55a7b16d59e8548044242e4097837c5e\\transformed\\hermes-android-0.77.0-debug\\prefab C:\\Users\\acer\\.gradle\\caches\\8.10.2\\transforms\\d7d422c0963f92aa7b8a765f3bd54231\\transformed\\fbjni-0.7.0\\prefab
java_class_path (initial): C:\\Users\\acer\\.gradle\\caches\\modules-2\\files-2.1\\com.google.prefab\\cli\\2.1.0\\aa32fec809c44fa531f01dcfb739b5b3304d3050\\cli-2.1.0-all.jar
Launcher Type: SUN_STANDARD

[Global flags]
     intx CICompilerCount                          = 4                                         {product} {ergonomic}
     uint ConcGCThreads                            = 3                                         {product} {ergonomic}
     uint G1ConcRefinementThreads                  = 10                                        {product} {ergonomic}
   size_t G1HeapRegionSize                         = 1048576                                   {product} {ergonomic}
    uintx GCDrainStackTargetSize                   = 64                                        {product} {ergonomic}
   size_t InitialHeapSize                          = 123731968                                 {product} {ergonomic}
   size_t MarkStackSize                            = 4194304                                   {product} {ergonomic}
   size_t MaxHeapSize                              = 1971322880                                {product} {ergonomic}
   size_t MinHeapDeltaBytes                        = 1048576                                   {product} {ergonomic}
   size_t MinHeapSize                              = 8388608                                   {product} {ergonomic}
    uintx NonNMethodCodeHeapSize                   = 5839372                                {pd product} {ergonomic}
    uintx NonProfiledCodeHeapSize                  = 122909434                              {pd product} {ergonomic}
    uintx ProfiledCodeHeapSize                     = 122909434                              {pd product} {ergonomic}
    uintx ReservedCodeCacheSize                    = 251658240                              {pd product} {ergonomic}
     bool SegmentedCodeCache                       = true                                      {product} {ergonomic}
   size_t SoftMaxHeapSize                          = 1971322880                             {manageable} {ergonomic}
     bool UseCompressedClassPointers               = true                           {product lp64_product} {ergonomic}
     bool UseCompressedOops                        = true                           {product lp64_product} {ergonomic}
     bool UseG1GC                                  = true                                      {product} {ergonomic}
     bool UseLargePagesIndividualAllocation        = false                                  {pd product} {ergonomic}

Logging:
Log output configuration:
 #0: stdout all=warning uptime,level,tags
 #1: stderr all=off uptime,level,tags

Environment Variables:
JAVA_HOME=C:\Program Files\Microsoft\jdk-17.0.13.11-hotspot
CLASSPATH=D:\Android Studio\aPP\firstAppReactNative\Ecom\android\\gradle\wrapper\gradle-wrapper.jar
PATH=D:\Android Studio\aPP\firstAppReactNative\Ecom\node_modules\.bin;D:\Android Studio\aPP\firstAppReactNative\node_modules\.bin;D:\Android Studio\aPP\node_modules\.bin;D:\Android Studio\node_modules\.bin;D:\node_modules\.bin;C:\Users\acer\AppData\Roaming\npm\node_modules\npm\node_modules\@npmcli\run-script\lib\node-gyp-bin;C:\Program Files\Microsoft\jdk-17.0.13.11-hotspot\bin;C:\Program Files\Eclipse Adoptium\jdk-11.0.24.8-hotspot\bin;C:\Python312\Scripts\;C:\Python312\;C:\Python311\Scripts\;C:\Python311\;C:\Program Files\Common Files\Oracle\Java\javapath;C:\Python310\Scripts\;C:\Python310\;C:\Program Files (x86)\Common Files\Oracle\Java\javapath;C:\ProgramData\Oracle\Java\javapath;C:\Windows\system32;C:\Windows;C:\Windows\System32\Wbem;C:\Windows\System32\WindowsPowerShell\v1.0\;C:\Windows\System32\OpenSSH\;C:\Program Files\NVIDIA Corporation\NVIDIA NvDLISR;C:\Program Files\MySQL\MySQL Server 8.0\bin;C:\Program Files (x86)\dotnet\;C:\Program Files\dotnet\;C:\ProgramData\chocolatey\bin;C:\Program Files\Git\cmd;C:\Program Files\nodejs;D:\Xampp\New folder\php;C:\Program Files (x86)\NVIDIA Corporation\PhysX\Common;C:\Program Files\MongoDB\Server\7.0\bin;C:\Program Files\nodejs\;C:\Users\acer\AppData\Local\Android\Sdk\platforms;C:\Users\acer\AppData\Local\Android\Sdk;C:\Users\acer\AppData\Local\Android\Sdk\platform-tools;C:\Users\acer\AppData\Local\Android\Sdk\emulator;C:\Users\acer\AppData\Local\Android\Sdk\build-tools;C:\Program Files\MySQL\MySQL Shell 8.0\bin\;C:\Users\acer\AppData\Local\Microsoft\WindowsApps;C:\Users\acer\AppData\Local\Programs\Microsoft VS Code\bin;C:\Program Files\MySQL\MySQL Server 8.0\bin;D:\Xampp\New folder\mysql\bin\;C:\Users\acer\AppData\Local\Programs\Hyper\resources\bin;C:\MinGW\bin;C:\Python312;C:\Program Files\mongosh\;C:\Users\acer\AppData\Local\Muse Hub\lib;C:\Users\acer\AppData\Roaming\npm;C:\Users\acer\AppData\Local\Android\Sdk\platform-tools;C:\Users\acer\AppData\Local\Android\Sdk;C:\Users\acer\AppData\Local\Android\Sdk\emulator;C:\Us
USERNAME=acer
LANG=en_US.UTF-8
OS=Windows_NT
PROCESSOR_IDENTIFIER=AMD64 Family 23 Model 104 Stepping 1, AuthenticAMD
TMP=C:\Users\acer\AppData\Local\Temp
TEMP=C:\Users\acer\AppData\Local\Temp



Periodic native trim disabled


---------------  S Y S T E M  ---------------

OS:
 Windows 10 , 64 bit Build 19041 (10.0.19041.5198)
OS uptime: 0 days 1:03 hours

CPU: total 12 (initial active 12) (12 cores per cpu, 2 threads per core) family 23 model 104 stepping 1 microcode 0x0, cx8, cmov, fxsr, ht, mmx, 3dnowpref, sse, sse2, sse3, ssse3, sse4a, sse4.1, sse4.2, popcnt, lzcnt, tsc, tscinvbit, avx, avx2, aes, clmul, bmi1, bmi2, adx, sha, fma, vzeroupper, clflush, clflushopt
Processor Information for the first 12 processors :
  Max Mhz: 2100, Current Mhz: 2100, Mhz Limit: 2100

Memory: 4k page, system-wide physical 7514M (498M free)
TotalPageFile size 19514M (AvailPageFile size 37M)
current process WorkingSet (physical memory assigned to process): 10M, peak: 10M
current process commit charge ("private bytes"): 64M, peak: 182M

vm_info: OpenJDK 64-Bit Server VM (17.0.13+11-LTS) for windows-amd64 JRE (17.0.13+11-LTS), built on Oct 11 2024 23:25:05 by "MicrosoftCorporation" with unknown MS VC++:1939

END.
